<?xml version="1.0" encoding="UTF-8"?>
<!-- Generated by org.testng.reporters.JUnitReportReporter -->
<testsuite hostname="Vishals-MacBook-Air.local" failures="0" tests="2" name="pageObjects.DP" time="0.008" errors="0" timestamp="2024-01-05T22:10:23 IST" skipped="0">
  <testcase classname="pageObjects.DP" name="myTest" time="0.007"/>
  <system-out/>
  <testcase classname="pageObjects.DP" name="myTest" time="0.001"/>
  <system-out/>
</testsuite> <!-- pageObjects.DP -->
